<?xml version="1.0" encoding="UTF-8"?>
<!-- Generated by org.testng.reporters.JUnitReportReporter -->
<testsuite hostname="DESKTOP-9KR262T" failures="0" tests="1" name="testPackage.ActiTimeCreateUser" time="29.198" errors="0" timestamp="2023-01-28T13:38:12 IST" skipped="0">
  <testcase classname="testPackage.ActiTimeCreateUser" name="createValidUser" time="29.198"/>
  <system-out/>
</testsuite> <!-- testPackage.ActiTimeCreateUser -->
