<?xml version="1.0" encoding="UTF-8"?>
<!-- Generated by org.testng.reporters.JUnitReportReporter -->
<testsuite hostname="DESKTOP-9KR262T" failures="0" tests="1" name="testPackage.ActiTimeTestInValidlogin" time="10.617" errors="0" timestamp="2023-01-26T16:04:25 IST" skipped="0">
  <testcase classname="testPackage.ActiTimeTestInValidlogin" name="invalidLogin" time="10.617"/>
  <system-out/>
</testsuite> <!-- testPackage.ActiTimeTestInValidlogin -->
