<?xml version="1.0" encoding="UTF-8"?>
<!-- Generated by org.testng.reporters.JUnitReportReporter -->
<testsuite hostname="DESKTOP-9KR262T" failures="0" tests="3" name="testNGPack.Demo" time="0.029" errors="0" timestamp="2023-01-20T15:33:22 IST" skipped="0">
  <testcase classname="testNGPack.Demo" name="demo1" time="0.005"/>
  <system-out>
    <![CDATA[This is demo1 method]]>
  </system-out>
  <testcase classname="testNGPack.Demo" name="demo" time="0.015"/>
  <system-out>
    <![CDATA[This is demo method]]>
  </system-out>
  <testcase classname="testNGPack.Demo" name="demo2" time="0.009"/>
  <system-out/>
</testsuite> <!-- testNGPack.Demo -->
