<?xml version="1.0" encoding="UTF-8"?>
<!-- Generated by org.testng.reporters.JUnitReportReporter -->
<testsuite hostname="DESKTOP-9KR262T" failures="0" tests="3" name="testNGPack.Remo" time="0.013" errors="0" timestamp="2023-01-20T15:33:22 IST" skipped="0">
  <testcase classname="testNGPack.Remo" name="remo" time="0.003"/>
  <system-out>
    <![CDATA[This is remo method]]>
  </system-out>
  <testcase classname="testNGPack.Remo" name="remo2" time="0.002"/>
  <system-out>
    <![CDATA[This is  remo2 method]]>
  </system-out>
  <testcase classname="testNGPack.Remo" name="remo1" time="0.008"/>
  <system-out>
    <![CDATA[This is remo1 method]]>
  </system-out>
</testsuite> <!-- testNGPack.Remo -->
