<?xml version="1.0" encoding="UTF-8"?>
<!-- Generated by org.testng.reporters.JUnitReportReporter -->
<testsuite hostname="DESKTOP-9KR262T" failures="0" tests="5" name="testNGPack2.Priority" time="0.023" errors="0" timestamp="2023-01-21T14:24:00 IST" skipped="0">
  <testcase classname="testNGPack2.Priority" name="d" time="0.014"/>
  <system-out>
    <![CDATA[d]]>
  </system-out>
  <testcase classname="testNGPack2.Priority" name="a" time="0.003"/>
  <system-out>
    <![CDATA[a]]>
  </system-out>
  <testcase classname="testNGPack2.Priority" name="c" time="0.002"/>
  <system-out>
    <![CDATA[c]]>
  </system-out>
  <testcase classname="testNGPack2.Priority" name="b" time="0.003"/>
  <system-out>
    <![CDATA[b]]>
  </system-out>
  <testcase classname="testNGPack2.Priority" name="k" time="0.001"/>
  <system-out>
    <![CDATA[k]]>
  </system-out>
</testsuite> <!-- testNGPack2.Priority -->
