<?xml version="1.0" encoding="UTF-8"?>
<!-- Generated by org.testng.reporters.JUnitReportReporter -->
<testsuite hostname="DESKTOP-9KR262T" failures="0" tests="10" name="testNGPack2.Flag6" time="0.069" errors="0" timestamp="2023-01-21T15:49:34 IST" skipped="0">
  <testcase classname="testNGPack2.Flag6" name="it" time="0.015"/>
  <system-out>
    <![CDATA[integration testing1]]>
  </system-out>
  <testcase classname="testNGPack2.Flag6" name="st2" time="0.006"/>
  <system-out>
    <![CDATA[system testing2]]>
  </system-out>
  <testcase classname="testNGPack2.Flag6" name="it3" time="0.002"/>
  <system-out>
    <![CDATA[integration testing3]]>
  </system-out>
  <testcase classname="testNGPack2.Flag6" name="it2" time="0.006"/>
  <system-out>
    <![CDATA[integration testing2]]>
  </system-out>
  <testcase classname="testNGPack2.Flag6" name="it5" time="0.008"/>
  <system-out>
    <![CDATA[integration testing5]]>
  </system-out>
  <testcase classname="testNGPack2.Flag6" name="st5" time="0.005"/>
  <system-out>
    <![CDATA[system testing5]]>
  </system-out>
  <testcase classname="testNGPack2.Flag6" name="it4" time="0.002"/>
  <system-out>
    <![CDATA[integration testing4]]>
  </system-out>
  <testcase classname="testNGPack2.Flag6" name="st" time="0.011"/>
  <system-out>
    <![CDATA[system testing1]]>
  </system-out>
  <testcase classname="testNGPack2.Flag6" name="st3" time="0.007"/>
  <system-out>
    <![CDATA[system testing3]]>
  </system-out>
  <testcase classname="testNGPack2.Flag6" name="st4" time="0.007"/>
  <system-out>
    <![CDATA[system testing4]]>
  </system-out>
</testsuite> <!-- testNGPack2.Flag6 -->
