<?xml version="1.0" encoding="UTF-8"?>
<!-- Generated by org.testng.reporters.JUnitReportReporter -->
<testsuite hostname="DESKTOP-9KR262T" failures="0" tests="2" name="TestNGparallelexe.usingThread" time="0.016" errors="0" timestamp="2023-01-23T22:48:37 IST" skipped="0">
  <testcase classname="TestNGparallelexe.usingThread" name="today" time="0.012"/>
  <system-out>
    <![CDATA[today method 1 is the thread]]>
  </system-out>
  <testcase classname="TestNGparallelexe.usingThread" name="tomorrow" time="0.004"/>
  <system-out>
    <![CDATA[tomorrow method 1 is the thread]]>
  </system-out>
</testsuite> <!-- TestNGparallelexe.usingThread -->
