<?xml version="1.0" encoding="UTF-8"?>
<!-- Generated by org.testng.reporters.JUnitReportReporter -->
<testsuite hostname="DESKTOP-9KR262T" failures="0" tests="1" name="testNGpack3.ActiLogin" time="0.301" errors="0" timestamp="2023-01-20T23:31:13 IST" skipped="0">
  <testcase classname="testNGpack3.ActiLogin" name="login" time="0.301"/>
  <system-out/>
</testsuite> <!-- testNGpack3.ActiLogin -->
