<?xml version="1.0" encoding="UTF-8"?>
<!-- Generated by org.testng.reporters.JUnitReportReporter -->
<testsuite hostname="DESKTOP-9KR262T" failures="0" tests="2" name="testNGPack4.AnnotationMethods" time="0.038" errors="0" timestamp="2023-01-21T16:44:32 IST" skipped="0">
  <testcase classname="testNGPack4.AnnotationMethods" name="test1" time="0.005"/>
  <system-out>
    <![CDATA[This is test1 annotation]]>
  </system-out>
  <testcase classname="testNGPack4.AnnotationMethods" name="test" time="0.033"/>
  <system-out>
    <![CDATA[This is test annotation]]>
  </system-out>
</testsuite> <!-- testNGPack4.AnnotationMethods -->
