<?xml version="1.0" encoding="UTF-8"?>
<!-- Generated by org.testng.reporters.JUnitReportReporter -->
<testsuite hostname="DESKTOP-9KR262T" failures="0" tests="2" name="testNGPack.ValidLogin2" time="11.619" errors="0" timestamp="2023-01-24T16:37:26 IST" skipped="0">
  <testcase classname="testNGPack.ValidLogin2" name="Login" time="4.525"/>
  <system-out/>
  <testcase classname="testNGPack.ValidLogin2" name="Login" time="7.094"/>
  <system-out/>
</testsuite> <!-- testNGPack.ValidLogin2 -->
