<?xml version="1.0" encoding="UTF-8"?>
<!-- Generated by org.testng.reporters.JUnitReportReporter -->
<testsuite hostname="DESKTOP-9KR262T" failures="0" tests="1" name="TestNGparallelexe.TestNG1" time="0.022" errors="0" timestamp="2023-01-23T22:33:33 IST" skipped="0">
  <testcase classname="TestNGparallelexe.TestNG1" name="m1" time="0.022"/>
  <system-out>
    <![CDATA[method 1]]>
  </system-out>
</testsuite> <!-- TestNGparallelexe.TestNG1 -->
