<?xml version="1.0" encoding="UTF-8"?>
<!-- Generated by org.testng.reporters.JUnitReportReporter -->
<testsuite hostname="DESKTOP-9KR262T" failures="0" tests="12" name="testNGpack3.actiTimeLogin" time="0.041" errors="0" timestamp="2023-01-20T16:30:03 IST" skipped="0">
  <testcase classname="testNGpack3.actiTimeLogin" name="Login" time="0.005"/>
  <system-out>
    <![CDATA[This login method]]>
  </system-out>
  <testcase classname="testNGpack3.actiTimeLogin" name="Login" time="0.002"/>
  <system-out>
    <![CDATA[This login method]]>
  </system-out>
  <testcase classname="testNGpack3.actiTimeLogin" name="logout" time="0.002"/>
  <system-out>
    <![CDATA[This is logout method]]>
  </system-out>
  <testcase classname="testNGpack3.actiTimeLogin" name="Login" time="0.002"/>
  <system-out>
    <![CDATA[This login method]]>
  </system-out>
  <testcase classname="testNGpack3.actiTimeLogin" name="Login" time="0.011"/>
  <system-out>
    <![CDATA[This login method]]>
  </system-out>
  <testcase classname="testNGpack3.actiTimeLogin" name="Login" time="0.004"/>
  <system-out>
    <![CDATA[This login method]]>
  </system-out>
  <testcase classname="testNGpack3.actiTimeLogin" name="Login" time="0.001"/>
  <system-out>
    <![CDATA[This login method]]>
  </system-out>
  <testcase classname="testNGpack3.actiTimeLogin" name="createUser" time="0.003"/>
  <system-out>
    <![CDATA[This is create user]]>
  </system-out>
  <testcase classname="testNGpack3.actiTimeLogin" name="Login" time="0.002"/>
  <system-out>
    <![CDATA[This login method]]>
  </system-out>
  <testcase classname="testNGpack3.actiTimeLogin" name="Login" time="0.003"/>
  <system-out>
    <![CDATA[This login method]]>
  </system-out>
  <testcase classname="testNGpack3.actiTimeLogin" name="Login" time="0.002"/>
  <system-out>
    <![CDATA[This login method]]>
  </system-out>
  <testcase classname="testNGpack3.actiTimeLogin" name="Login" time="0.004"/>
  <system-out>
    <![CDATA[This login method]]>
  </system-out>
</testsuite> <!-- testNGpack3.actiTimeLogin -->
