<?xml version="1.0" encoding="UTF-8"?>
<!-- Generated by org.testng.reporters.JUnitReportReporter -->
<testsuite hostname="DESKTOP-9KR262T" failures="0" tests="3" name="testNGPack.Sumo" time="0.016" errors="0" timestamp="2023-01-20T15:33:22 IST" skipped="0">
  <testcase classname="testNGPack.Sumo" name="sumo1" time="0.003"/>
  <system-out>
    <![CDATA[This is sumo1 method]]>
  </system-out>
  <testcase classname="testNGPack.Sumo" name="sumo" time="0.003"/>
  <system-out>
    <![CDATA[This is sumo method]]>
  </system-out>
  <testcase classname="testNGPack.Sumo" name="sumo2" time="0.010"/>
  <system-out>
    <![CDATA[This is sumo2 method]]>
  </system-out>
</testsuite> <!-- testNGPack.Sumo -->
