<?xml version="1.0" encoding="UTF-8"?>
<!-- Generated by org.testng.reporters.JUnitReportReporter -->
<testsuite hostname="DESKTOP-9KR262T" failures="0" tests="1" name="testNGPack.ValidLogin" time="3.646" errors="0" timestamp="2023-01-24T16:10:34 IST" skipped="0">
  <testcase classname="testNGPack.ValidLogin" name="login" time="3.646"/>
  <system-out/>
</testsuite> <!-- testNGPack.ValidLogin -->
