<?xml version="1.0" encoding="UTF-8"?>
<!-- Generated by org.testng.reporters.JUnitReportReporter -->
<testsuite hostname="DESKTOP-9KR262T" failures="0" tests="1" name="TestNGparallelexe.TestNG2" time="0.024" errors="0" timestamp="2023-01-23T22:33:33 IST" skipped="0">
  <testcase classname="TestNGparallelexe.TestNG2" name="m2" time="0.024"/>
  <system-out>
    <![CDATA[method 2]]>
  </system-out>
</testsuite> <!-- TestNGparallelexe.TestNG2 -->
