<?xml version="1.0" encoding="UTF-8"?>
<!-- Generated by org.testng.reporters.JUnitReportReporter -->
<testsuite hostname="DESKTOP-9KR262T" failures="0" tests="2" name="testNGPack4.actiTime" time="0.021" errors="0" timestamp="2023-01-20T16:50:15 IST" skipped="0">
  <testcase classname="testNGPack4.actiTime" name="test1" time="0.010"/>
  <system-out>
    <![CDATA[This is test1 annotation]]>
  </system-out>
  <testcase classname="testNGPack4.actiTime" name="test" time="0.011"/>
  <system-out>
    <![CDATA[This is test annotation]]>
  </system-out>
</testsuite> <!-- testNGPack4.actiTime -->
