<?xml version="1.0" encoding="UTF-8"?>
<!-- Generated by org.testng.reporters.JUnitReportReporter -->
<testsuite hostname="DESKTOP-9KR262T" failures="0" tests="2" name="TestNGparallelexe.TestNG3" time="0.018" errors="0" timestamp="2023-01-24T22:44:53 IST" skipped="0">
  <testcase classname="TestNGparallelexe.TestNG3" name="method1" time="0.014"/>
  <system-out>
    <![CDATA[This is method1]]>
  </system-out>
  <testcase classname="TestNGparallelexe.TestNG3" name="method2" time="0.004"/>
  <system-out>
    <![CDATA[This is method2]]>
  </system-out>
</testsuite> <!-- TestNGparallelexe.TestNG3 -->
